<?xml version="1.0" encoding="UTF-8"?>
<testng-results ignored="0" total="1" passed="1" failed="0" skipped="0">
  <reporter-output>
  </reporter-output>
  <suite started-at="2023-11-09T15:00:07 IST" name="Default suite" finished-at="2023-11-09T15:00:24 IST" duration-ms="17321">
    <groups>
    </groups>
    <test started-at="2023-11-09T15:00:07 IST" name="Default test" finished-at="2023-11-09T15:00:24 IST" duration-ms="17321">
      <class name="driver.driver">
        <test-method is-config="true" signature="LaunchBrowser()[pri:0, instance:driver.driver@793f29ff]" started-at="2023-11-09T15:00:07 IST" name="LaunchBrowser" finished-at="2023-11-09T15:00:19 IST" duration-ms="12527" status="PASS">
          <reporter-output>
          </reporter-output>
        </test-method> <!-- LaunchBrowser -->
        <test-method is-config="true" signature="LoginPage()[pri:0, instance:driver.driver@793f29ff]" started-at="2023-11-09T15:00:19 IST" name="LoginPage" finished-at="2023-11-09T15:00:20 IST" duration-ms="509" status="PASS">
          <reporter-output>
          </reporter-output>
        </test-method> <!-- LoginPage -->
        <test-method signature="login()[pri:0, instance:driver.driver@793f29ff]" started-at="2023-11-09T15:00:20 IST" name="login" finished-at="2023-11-09T15:00:20 IST" duration-ms="4" status="PASS">
          <reporter-output>
          </reporter-output>
        </test-method> <!-- login -->
        <test-method is-config="true" signature="LogOut()[pri:0, instance:driver.driver@793f29ff]" started-at="2023-11-09T15:00:20 IST" name="LogOut" finished-at="2023-11-09T15:00:24 IST" duration-ms="4226" status="PASS">
          <reporter-output>
          </reporter-output>
        </test-method> <!-- LogOut -->
      </class> <!-- driver.driver -->
    </test> <!-- Default test -->
  </suite> <!-- Default suite -->
</testng-results>
